<?xml version="1.0" encoding="UTF-8"?>
<testExecutions version="1">
  <file path="/Users/zulkhaery/Sites/micro-vendor/src/user/specs/user.service.spec.ts">
  </file>
  <file path="/Users/zulkhaery/Sites/micro-vendor/src/verification/specs/verification.service.spec.ts">
    <testCase name="VerificationService should be defined" duration="6"/>
    <testCase name="VerificationService shoud add or edit verification data" duration="1"/>
    <testCase name="VerificationService should add verification data" duration="2"/>
  </file>
  <file path="/Users/zulkhaery/Sites/micro-vendor/src/verification/specs/verification.controller.spec.ts">
    <testCase name="VerificationController should be defined" duration="7"/>
    <testCase name="VerificationController shoud add or edit verification data" duration="1"/>
    <testCase name="VerificationController should throw an error when add verification data" duration="4"/>
    <testCase name="VerificationController should throw an error when get verification data" duration="1"/>
  </file>
  <file path="/Users/zulkhaery/Sites/micro-vendor/src/user/specs/user.controller.spec.ts">
    <testCase name="UserController should be defined" duration="5"/>
  </file>
</testExecutions>