<?xml version="1.0" encoding="UTF-8"?>
<testExecutions version="1">
  <file path="/Users/zulkhaery/Sites/micro-vendor/src/verification/specs/verification.service.spec.ts">
    <testCase name="VerificationService should be defined" duration="6"/>
    <testCase name="VerificationService shoud add or edit verification data" duration="3"/>
    <testCase name="VerificationService should add verification data" duration="1"/>
  </file>
  <file path="/Users/zulkhaery/Sites/micro-vendor/src/verification/specs/verification.controller.spec.ts">
    <testCase name="VerificationController should be defined" duration="10"/>
    <testCase name="VerificationController shoud add or edit verification data" duration="2"/>
    <testCase name="VerificationController should throw an error when add verification data" duration="4"/>
    <testCase name="VerificationController should throw an error when get verification data" duration="1"/>
  </file>
  <file path="/Users/zulkhaery/Sites/micro-vendor/src/user/specs/user.service.spec.ts">
    <testCase name="UserService should be defined" duration="2"/>
    <testCase name="UserService should add user" duration="2"/>
    <testCase name="UserService should edit user" duration="1"/>
    <testCase name="UserService should failed edit user" duration="5"/>
  </file>
  <file path="/Users/zulkhaery/Sites/micro-vendor/src/role/specs/role.service.spec.ts">
    <testCase name="RoleService should be defined" duration="6"/>
    <testCase name="RoleService should crete new custom role" duration="2"/>
    <testCase name="RoleService should edit custom role" duration="1"/>
  </file>
  <file path="/Users/zulkhaery/Sites/micro-vendor/src/user/specs/user.controller.spec.ts">
    <testCase name="UserController should be defined" duration="5"/>
    <testCase name="UserController should add new user" duration="2"/>
    <testCase name="UserController should fail add new user" duration="4"/>
    <testCase name="UserController should  edit user" duration="1"/>
    <testCase name="UserController should fail edit user" duration="1"/>
  </file>
</testExecutions>